[0.047s] DEBUG:colcon:Command line arguments: ['/usr/bin/colcon', 'build']
[0.047s] DEBUG:colcon:Parsed command line arguments: Namespace(log_base=None, log_level=None, verb_name='build', build_base='build', install_base='install', merge_install=False, symlink_install=False, test_result_base=None, continue_on_error=False, executor='parallel', parallel_workers=32, event_handlers=None, ignore_user_meta=False, metas=['./colcon.meta'], base_paths=['.'], packages_ignore=None, packages_ignore_regex=None, paths=None, packages_up_to=None, packages_up_to_regex=None, packages_above=None, packages_above_and_dependencies=None, packages_above_depth=None, packages_select_by_dep=None, packages_skip_by_dep=None, packages_skip_up_to=None, packages_select_build_failed=False, packages_skip_build_finished=False, packages_select_test_failures=False, packages_skip_test_passed=False, packages_select=None, packages_skip=None, packages_select_regex=None, packages_skip_regex=None, packages_start=None, packages_end=None, allow_overriding=[], cmake_args=None, cmake_target=None, cmake_target_skip_unavailable=False, cmake_clean_cache=False, cmake_clean_first=False, cmake_force_configure=False, ament_cmake_args=None, catkin_cmake_args=None, catkin_skip_building_tests=False, verb_parser=<colcon_defaults.argument_parser.defaults.DefaultArgumentsDecorator object at 0x78d20704f9a0>, verb_extension=<colcon_core.verb.build.BuildVerb object at 0x78d20713d720>, main=<bound method BuildVerb.main of <colcon_core.verb.build.BuildVerb object at 0x78d20713d720>>)
[0.126s] Level 1:colcon.colcon_core.package_discovery:discover_packages(colcon_meta) check parameters
[0.126s] Level 1:colcon.colcon_core.package_discovery:discover_packages(recursive) check parameters
[0.126s] Level 1:colcon.colcon_core.package_discovery:discover_packages(ignore) check parameters
[0.126s] Level 1:colcon.colcon_core.package_discovery:discover_packages(path) check parameters
[0.126s] Level 1:colcon.colcon_core.package_discovery:discover_packages(colcon_meta) discover
[0.126s] Level 1:colcon.colcon_core.package_discovery:discover_packages(recursive) discover
[0.126s] INFO:colcon.colcon_core.package_discovery:Crawling recursively for packages in '/home/sebasjp/AIST/OmniIsaacGymEnvs'
[0.126s] Level 1:colcon.colcon_core.package_identification:_identify(.) by extensions ['ignore', 'ignore_ament_install']
[0.126s] Level 1:colcon.colcon_core.package_identification:_identify(.) by extension 'ignore'
[0.126s] Level 1:colcon.colcon_core.package_identification:_identify(.) by extension 'ignore_ament_install'
[0.126s] Level 1:colcon.colcon_core.package_identification:_identify(.) by extensions ['colcon_pkg']
[0.126s] Level 1:colcon.colcon_core.package_identification:_identify(.) by extension 'colcon_pkg'
[0.126s] Level 1:colcon.colcon_core.package_identification:_identify(.) by extensions ['colcon_meta']
[0.126s] Level 1:colcon.colcon_core.package_identification:_identify(.) by extension 'colcon_meta'
[0.126s] Level 1:colcon.colcon_core.package_identification:_identify(.) by extensions ['ros']
[0.126s] Level 1:colcon.colcon_core.package_identification:_identify(.) by extension 'ros'
[0.132s] Level 1:colcon.colcon_core.package_identification:_identify(.) by extensions ['cmake', 'python']
[0.132s] Level 1:colcon.colcon_core.package_identification:_identify(.) by extension 'cmake'
[0.132s] Level 1:colcon.colcon_core.package_identification:_identify(.) by extension 'python'
[0.132s] Level 1:colcon.colcon_core.package_identification:_identify(.) by extensions ['python_setup_py']
[0.132s] Level 1:colcon.colcon_core.package_identification:_identify(.) by extension 'python_setup_py'
[0.264s] DEBUG:colcon.colcon_core.package_identification:Package '.' with type 'python' and name 'omniisaacgymenvs'
[0.264s] Level 1:colcon.colcon_core.package_discovery:discover_packages(recursive) using defaults
[0.264s] Level 1:colcon.colcon_core.package_discovery:discover_packages(ignore) discover
[0.264s] Level 1:colcon.colcon_core.package_discovery:discover_packages(ignore) using defaults
[0.264s] Level 1:colcon.colcon_core.package_discovery:discover_packages(path) discover
[0.264s] Level 1:colcon.colcon_core.package_discovery:discover_packages(path) using defaults
[0.272s] Level 1:colcon.colcon_core.package_discovery:discover_packages(prefix_path) check parameters
[0.272s] Level 1:colcon.colcon_core.package_discovery:discover_packages(prefix_path) discover
[0.273s] DEBUG:colcon.colcon_installed_package_information.package_discovery:Found 5 installed packages in /home/sebasjp/ros2_ws/install
[0.274s] DEBUG:colcon.colcon_installed_package_information.package_discovery:Found 372 installed packages in /opt/ros/humble
[0.275s] Level 1:colcon.colcon_core.package_discovery:discover_packages(prefix_path) using defaults
[0.301s] Level 5:colcon.colcon_core.verb:set package 'omniisaacgymenvs' build argument 'cmake_args' from command line to 'None'
[0.301s] Level 5:colcon.colcon_core.verb:set package 'omniisaacgymenvs' build argument 'cmake_target' from command line to 'None'
[0.301s] Level 5:colcon.colcon_core.verb:set package 'omniisaacgymenvs' build argument 'cmake_target_skip_unavailable' from command line to 'False'
[0.301s] Level 5:colcon.colcon_core.verb:set package 'omniisaacgymenvs' build argument 'cmake_clean_cache' from command line to 'False'
[0.301s] Level 5:colcon.colcon_core.verb:set package 'omniisaacgymenvs' build argument 'cmake_clean_first' from command line to 'False'
[0.301s] Level 5:colcon.colcon_core.verb:set package 'omniisaacgymenvs' build argument 'cmake_force_configure' from command line to 'False'
[0.301s] Level 5:colcon.colcon_core.verb:set package 'omniisaacgymenvs' build argument 'ament_cmake_args' from command line to 'None'
[0.301s] Level 5:colcon.colcon_core.verb:set package 'omniisaacgymenvs' build argument 'catkin_cmake_args' from command line to 'None'
[0.301s] Level 5:colcon.colcon_core.verb:set package 'omniisaacgymenvs' build argument 'catkin_skip_building_tests' from command line to 'False'
[0.301s] DEBUG:colcon.colcon_core.verb:Building package 'omniisaacgymenvs' with the following arguments: {'ament_cmake_args': None, 'build_base': '/home/sebasjp/AIST/OmniIsaacGymEnvs/build/omniisaacgymenvs', 'catkin_cmake_args': None, 'catkin_skip_building_tests': False, 'cmake_args': None, 'cmake_clean_cache': False, 'cmake_clean_first': False, 'cmake_force_configure': False, 'cmake_target': None, 'cmake_target_skip_unavailable': False, 'install_base': '/home/sebasjp/AIST/OmniIsaacGymEnvs/install/omniisaacgymenvs', 'merge_install': False, 'path': '/home/sebasjp/AIST/OmniIsaacGymEnvs', 'symlink_install': False, 'test_result_base': None}
[0.301s] INFO:colcon.colcon_core.executor:Executing jobs using 'parallel' executor
[0.302s] DEBUG:colcon.colcon_parallel_executor.executor.parallel:run_until_complete
[0.302s] INFO:colcon.colcon_core.task.python.build:Building Python package in '/home/sebasjp/AIST/OmniIsaacGymEnvs'
[0.303s] INFO:colcon.colcon_core.plugin_system:Skipping extension 'colcon_core.shell.bat': Not used on non-Windows systems
[0.303s] INFO:colcon.colcon_core.shell:Skip shell extension 'powershell' for command environment: Not usable outside of PowerShell
[0.303s] DEBUG:colcon.colcon_core.shell:Skip shell extension 'dsv' for command environment
[0.600s] DEBUG:colcon.colcon_core.event_handler.log_command:Invoking command in '/home/sebasjp/AIST/OmniIsaacGymEnvs': PYTHONPATH=/home/sebasjp/AIST/OmniIsaacGymEnvs/build/omniisaacgymenvs/prefix_override:/usr/lib/python3/dist-packages/colcon_core/task/python/colcon_distutils_commands:/home/sebasjp/AIST/OmniIsaacGymEnvs/install/omniisaacgymenvs/lib/python3.10/site-packages:${PYTHONPATH} /usr/bin/python3 -W ignore:setup.py install is deprecated setup.py egg_info --egg-base build/omniisaacgymenvs build --build-base /home/sebasjp/AIST/OmniIsaacGymEnvs/build/omniisaacgymenvs/build install --record /home/sebasjp/AIST/OmniIsaacGymEnvs/build/omniisaacgymenvs/install.log --single-version-externally-managed
[0.770s] DEBUG:colcon.colcon_core.event_handler.log_command:Invoked command in '/home/sebasjp/AIST/OmniIsaacGymEnvs' returned '0': PYTHONPATH=/home/sebasjp/AIST/OmniIsaacGymEnvs/build/omniisaacgymenvs/prefix_override:/usr/lib/python3/dist-packages/colcon_core/task/python/colcon_distutils_commands:/home/sebasjp/AIST/OmniIsaacGymEnvs/install/omniisaacgymenvs/lib/python3.10/site-packages:${PYTHONPATH} /usr/bin/python3 -W ignore:setup.py install is deprecated setup.py egg_info --egg-base build/omniisaacgymenvs build --build-base /home/sebasjp/AIST/OmniIsaacGymEnvs/build/omniisaacgymenvs/build install --record /home/sebasjp/AIST/OmniIsaacGymEnvs/build/omniisaacgymenvs/install.log --single-version-externally-managed
[0.771s] Level 1:colcon.colcon_core.environment:checking '/home/sebasjp/AIST/OmniIsaacGymEnvs/install/omniisaacgymenvs' for CMake module files
[0.772s] Level 1:colcon.colcon_core.environment:checking '/home/sebasjp/AIST/OmniIsaacGymEnvs/install/omniisaacgymenvs' for CMake config files
[0.772s] Level 1:colcon.colcon_core.environment:checking '/home/sebasjp/AIST/OmniIsaacGymEnvs/install/omniisaacgymenvs/lib'
[0.772s] Level 1:colcon.colcon_core.environment:checking '/home/sebasjp/AIST/OmniIsaacGymEnvs/install/omniisaacgymenvs/bin'
[0.772s] Level 1:colcon.colcon_core.environment:checking '/home/sebasjp/AIST/OmniIsaacGymEnvs/install/omniisaacgymenvs/lib/pkgconfig/omniisaacgymenvs.pc'
[0.772s] Level 1:colcon.colcon_core.environment:checking '/home/sebasjp/AIST/OmniIsaacGymEnvs/install/omniisaacgymenvs/lib/python3.10/site-packages'
[0.772s] Level 1:colcon.colcon_core.shell:create_environment_hook('omniisaacgymenvs', 'pythonpath')
[0.773s] INFO:colcon.colcon_core.shell:Creating environment hook '/home/sebasjp/AIST/OmniIsaacGymEnvs/install/omniisaacgymenvs/share/omniisaacgymenvs/hook/pythonpath.ps1'
[0.773s] INFO:colcon.colcon_core.shell:Creating environment descriptor '/home/sebasjp/AIST/OmniIsaacGymEnvs/install/omniisaacgymenvs/share/omniisaacgymenvs/hook/pythonpath.dsv'
[0.773s] INFO:colcon.colcon_core.shell:Creating environment hook '/home/sebasjp/AIST/OmniIsaacGymEnvs/install/omniisaacgymenvs/share/omniisaacgymenvs/hook/pythonpath.sh'
[0.774s] Level 1:colcon.colcon_core.environment:checking '/home/sebasjp/AIST/OmniIsaacGymEnvs/install/omniisaacgymenvs/bin'
[0.774s] Level 1:colcon.colcon_core.environment:create_environment_scripts_only(omniisaacgymenvs)
[0.774s] INFO:colcon.colcon_core.shell:Creating package script '/home/sebasjp/AIST/OmniIsaacGymEnvs/install/omniisaacgymenvs/share/omniisaacgymenvs/package.ps1'
[0.774s] INFO:colcon.colcon_core.shell:Creating package descriptor '/home/sebasjp/AIST/OmniIsaacGymEnvs/install/omniisaacgymenvs/share/omniisaacgymenvs/package.dsv'
[0.774s] INFO:colcon.colcon_core.shell:Creating package script '/home/sebasjp/AIST/OmniIsaacGymEnvs/install/omniisaacgymenvs/share/omniisaacgymenvs/package.sh'
[0.775s] INFO:colcon.colcon_core.shell:Creating package script '/home/sebasjp/AIST/OmniIsaacGymEnvs/install/omniisaacgymenvs/share/omniisaacgymenvs/package.bash'
[0.775s] INFO:colcon.colcon_core.shell:Creating package script '/home/sebasjp/AIST/OmniIsaacGymEnvs/install/omniisaacgymenvs/share/omniisaacgymenvs/package.zsh'
[0.775s] Level 1:colcon.colcon_core.environment:create_file_with_runtime_dependencies(/home/sebasjp/AIST/OmniIsaacGymEnvs/install/omniisaacgymenvs/share/colcon-core/packages/omniisaacgymenvs)
[0.775s] DEBUG:colcon.colcon_parallel_executor.executor.parallel:closing loop
[0.775s] DEBUG:colcon.colcon_parallel_executor.executor.parallel:loop closed
[0.775s] DEBUG:colcon.colcon_parallel_executor.executor.parallel:run_until_complete finished with '0'
[0.775s] DEBUG:colcon.colcon_core.event_reactor:joining thread
[0.778s] INFO:colcon.colcon_core.plugin_system:Skipping extension 'colcon_notification.desktop_notification.terminal_notifier': Not used on non-Darwin systems
[0.778s] INFO:colcon.colcon_core.plugin_system:Skipping extension 'colcon_notification.desktop_notification.win32': Not used on non-Windows systems
[0.778s] INFO:colcon.colcon_notification.desktop_notification:Sending desktop notification using 'notify2'
[0.784s] DEBUG:colcon.colcon_core.event_reactor:joined thread
[0.784s] INFO:colcon.colcon_core.shell:Creating prefix script '/home/sebasjp/AIST/OmniIsaacGymEnvs/install/local_setup.ps1'
[0.785s] INFO:colcon.colcon_core.shell:Creating prefix util module '/home/sebasjp/AIST/OmniIsaacGymEnvs/install/_local_setup_util_ps1.py'
[0.785s] INFO:colcon.colcon_core.shell:Creating prefix chain script '/home/sebasjp/AIST/OmniIsaacGymEnvs/install/setup.ps1'
[0.785s] INFO:colcon.colcon_core.shell:Creating prefix script '/home/sebasjp/AIST/OmniIsaacGymEnvs/install/local_setup.sh'
[0.786s] INFO:colcon.colcon_core.shell:Creating prefix util module '/home/sebasjp/AIST/OmniIsaacGymEnvs/install/_local_setup_util_sh.py'
[0.786s] INFO:colcon.colcon_core.shell:Creating prefix chain script '/home/sebasjp/AIST/OmniIsaacGymEnvs/install/setup.sh'
[0.786s] INFO:colcon.colcon_core.shell:Creating prefix script '/home/sebasjp/AIST/OmniIsaacGymEnvs/install/local_setup.bash'
[0.786s] INFO:colcon.colcon_core.shell:Creating prefix chain script '/home/sebasjp/AIST/OmniIsaacGymEnvs/install/setup.bash'
[0.787s] INFO:colcon.colcon_core.shell:Creating prefix script '/home/sebasjp/AIST/OmniIsaacGymEnvs/install/local_setup.zsh'
[0.787s] INFO:colcon.colcon_core.shell:Creating prefix chain script '/home/sebasjp/AIST/OmniIsaacGymEnvs/install/setup.zsh'
