/home/sebasjp/AIST/OmniIsaacGymEnvs/install/omniisaacgymenvs/lib/python3.10/site-packages/omniisaacgymenvs/__init__.py
/home/sebasjp/AIST/OmniIsaacGymEnvs/install/omniisaacgymenvs/lib/python3.10/site-packages/omniisaacgymenvs/extension.py
/home/sebasjp/AIST/OmniIsaacGymEnvs/install/omniisaacgymenvs/lib/python3.10/site-packages/omniisaacgymenvs/tasks/ant.py
/home/sebasjp/AIST/OmniIsaacGymEnvs/install/omniisaacgymenvs/lib/python3.10/site-packages/omniisaacgymenvs/tasks/anymal.py
/home/sebasjp/AIST/OmniIsaacGymEnvs/install/omniisaacgymenvs/lib/python3.10/site-packages/omniisaacgymenvs/tasks/allegro_hand.py
/home/sebasjp/AIST/OmniIsaacGymEnvs/install/omniisaacgymenvs/lib/python3.10/site-packages/omniisaacgymenvs/tasks/humanoid.py
/home/sebasjp/AIST/OmniIsaacGymEnvs/install/omniisaacgymenvs/lib/python3.10/site-packages/omniisaacgymenvs/tasks/ball_balance.py
/home/sebasjp/AIST/OmniIsaacGymEnvs/install/omniisaacgymenvs/lib/python3.10/site-packages/omniisaacgymenvs/tasks/shadow_hand.py
/home/sebasjp/AIST/OmniIsaacGymEnvs/install/omniisaacgymenvs/lib/python3.10/site-packages/omniisaacgymenvs/tasks/ingenuity.py
/home/sebasjp/AIST/OmniIsaacGymEnvs/install/omniisaacgymenvs/lib/python3.10/site-packages/omniisaacgymenvs/tasks/crazyflie.py
/home/sebasjp/AIST/OmniIsaacGymEnvs/install/omniisaacgymenvs/lib/python3.10/site-packages/omniisaacgymenvs/tasks/quadcopter.py
/home/sebasjp/AIST/OmniIsaacGymEnvs/install/omniisaacgymenvs/lib/python3.10/site-packages/omniisaacgymenvs/tasks/cartpole.py
/home/sebasjp/AIST/OmniIsaacGymEnvs/install/omniisaacgymenvs/lib/python3.10/site-packages/omniisaacgymenvs/tasks/anymal_terrain.py
/home/sebasjp/AIST/OmniIsaacGymEnvs/install/omniisaacgymenvs/lib/python3.10/site-packages/omniisaacgymenvs/tasks/franka_deformable.py
/home/sebasjp/AIST/OmniIsaacGymEnvs/install/omniisaacgymenvs/lib/python3.10/site-packages/omniisaacgymenvs/tasks/cartpole_camera.py
/home/sebasjp/AIST/OmniIsaacGymEnvs/install/omniisaacgymenvs/lib/python3.10/site-packages/omniisaacgymenvs/tasks/franka_cabinet.py
/home/sebasjp/AIST/OmniIsaacGymEnvs/install/omniisaacgymenvs/lib/python3.10/site-packages/omniisaacgymenvs/tasks/__init__.py
/home/sebasjp/AIST/OmniIsaacGymEnvs/install/omniisaacgymenvs/lib/python3.10/site-packages/omniisaacgymenvs/tests/__init__.py
/home/sebasjp/AIST/OmniIsaacGymEnvs/install/omniisaacgymenvs/lib/python3.10/site-packages/omniisaacgymenvs/tests/runner.py
/home/sebasjp/AIST/OmniIsaacGymEnvs/install/omniisaacgymenvs/lib/python3.10/site-packages/omniisaacgymenvs/envs/vec_env_rlgames.py
/home/sebasjp/AIST/OmniIsaacGymEnvs/install/omniisaacgymenvs/lib/python3.10/site-packages/omniisaacgymenvs/envs/__init__.py
/home/sebasjp/AIST/OmniIsaacGymEnvs/install/omniisaacgymenvs/lib/python3.10/site-packages/omniisaacgymenvs/envs/vec_env_rlgames_mt.py
/home/sebasjp/AIST/OmniIsaacGymEnvs/install/omniisaacgymenvs/lib/python3.10/site-packages/omniisaacgymenvs/tasks/shared/locomotion.py
/home/sebasjp/AIST/OmniIsaacGymEnvs/install/omniisaacgymenvs/lib/python3.10/site-packages/omniisaacgymenvs/tasks/shared/__init__.py
/home/sebasjp/AIST/OmniIsaacGymEnvs/install/omniisaacgymenvs/lib/python3.10/site-packages/omniisaacgymenvs/tasks/shared/in_hand_manipulation.py
/home/sebasjp/AIST/OmniIsaacGymEnvs/install/omniisaacgymenvs/lib/python3.10/site-packages/omniisaacgymenvs/__pycache__/__init__.cpython-310.pyc
/home/sebasjp/AIST/OmniIsaacGymEnvs/install/omniisaacgymenvs/lib/python3.10/site-packages/omniisaacgymenvs/__pycache__/extension.cpython-310.pyc
/home/sebasjp/AIST/OmniIsaacGymEnvs/install/omniisaacgymenvs/lib/python3.10/site-packages/omniisaacgymenvs/tasks/__pycache__/ant.cpython-310.pyc
/home/sebasjp/AIST/OmniIsaacGymEnvs/install/omniisaacgymenvs/lib/python3.10/site-packages/omniisaacgymenvs/tasks/__pycache__/anymal.cpython-310.pyc
/home/sebasjp/AIST/OmniIsaacGymEnvs/install/omniisaacgymenvs/lib/python3.10/site-packages/omniisaacgymenvs/tasks/__pycache__/allegro_hand.cpython-310.pyc
/home/sebasjp/AIST/OmniIsaacGymEnvs/install/omniisaacgymenvs/lib/python3.10/site-packages/omniisaacgymenvs/tasks/__pycache__/humanoid.cpython-310.pyc
/home/sebasjp/AIST/OmniIsaacGymEnvs/install/omniisaacgymenvs/lib/python3.10/site-packages/omniisaacgymenvs/tasks/__pycache__/ball_balance.cpython-310.pyc
/home/sebasjp/AIST/OmniIsaacGymEnvs/install/omniisaacgymenvs/lib/python3.10/site-packages/omniisaacgymenvs/tasks/__pycache__/shadow_hand.cpython-310.pyc
/home/sebasjp/AIST/OmniIsaacGymEnvs/install/omniisaacgymenvs/lib/python3.10/site-packages/omniisaacgymenvs/tasks/__pycache__/ingenuity.cpython-310.pyc
/home/sebasjp/AIST/OmniIsaacGymEnvs/install/omniisaacgymenvs/lib/python3.10/site-packages/omniisaacgymenvs/tasks/__pycache__/crazyflie.cpython-310.pyc
/home/sebasjp/AIST/OmniIsaacGymEnvs/install/omniisaacgymenvs/lib/python3.10/site-packages/omniisaacgymenvs/tasks/__pycache__/quadcopter.cpython-310.pyc
/home/sebasjp/AIST/OmniIsaacGymEnvs/install/omniisaacgymenvs/lib/python3.10/site-packages/omniisaacgymenvs/tasks/__pycache__/cartpole.cpython-310.pyc
/home/sebasjp/AIST/OmniIsaacGymEnvs/install/omniisaacgymenvs/lib/python3.10/site-packages/omniisaacgymenvs/tasks/__pycache__/anymal_terrain.cpython-310.pyc
/home/sebasjp/AIST/OmniIsaacGymEnvs/install/omniisaacgymenvs/lib/python3.10/site-packages/omniisaacgymenvs/tasks/__pycache__/franka_deformable.cpython-310.pyc
/home/sebasjp/AIST/OmniIsaacGymEnvs/install/omniisaacgymenvs/lib/python3.10/site-packages/omniisaacgymenvs/tasks/__pycache__/cartpole_camera.cpython-310.pyc
/home/sebasjp/AIST/OmniIsaacGymEnvs/install/omniisaacgymenvs/lib/python3.10/site-packages/omniisaacgymenvs/tasks/__pycache__/franka_cabinet.cpython-310.pyc
/home/sebasjp/AIST/OmniIsaacGymEnvs/install/omniisaacgymenvs/lib/python3.10/site-packages/omniisaacgymenvs/tasks/__pycache__/__init__.cpython-310.pyc
/home/sebasjp/AIST/OmniIsaacGymEnvs/install/omniisaacgymenvs/lib/python3.10/site-packages/omniisaacgymenvs/tests/__pycache__/__init__.cpython-310.pyc
/home/sebasjp/AIST/OmniIsaacGymEnvs/install/omniisaacgymenvs/lib/python3.10/site-packages/omniisaacgymenvs/tests/__pycache__/runner.cpython-310.pyc
/home/sebasjp/AIST/OmniIsaacGymEnvs/install/omniisaacgymenvs/lib/python3.10/site-packages/omniisaacgymenvs/envs/__pycache__/vec_env_rlgames.cpython-310.pyc
/home/sebasjp/AIST/OmniIsaacGymEnvs/install/omniisaacgymenvs/lib/python3.10/site-packages/omniisaacgymenvs/envs/__pycache__/__init__.cpython-310.pyc
/home/sebasjp/AIST/OmniIsaacGymEnvs/install/omniisaacgymenvs/lib/python3.10/site-packages/omniisaacgymenvs/envs/__pycache__/vec_env_rlgames_mt.cpython-310.pyc
/home/sebasjp/AIST/OmniIsaacGymEnvs/install/omniisaacgymenvs/lib/python3.10/site-packages/omniisaacgymenvs/tasks/shared/__pycache__/locomotion.cpython-310.pyc
/home/sebasjp/AIST/OmniIsaacGymEnvs/install/omniisaacgymenvs/lib/python3.10/site-packages/omniisaacgymenvs/tasks/shared/__pycache__/__init__.cpython-310.pyc
/home/sebasjp/AIST/OmniIsaacGymEnvs/install/omniisaacgymenvs/lib/python3.10/site-packages/omniisaacgymenvs/tasks/shared/__pycache__/in_hand_manipulation.cpython-310.pyc
/home/sebasjp/AIST/OmniIsaacGymEnvs/install/omniisaacgymenvs/lib/python3.10/site-packages/omniisaacgymenvs-2023.1.1-py3.10.egg-info/dependency_links.txt
/home/sebasjp/AIST/OmniIsaacGymEnvs/install/omniisaacgymenvs/lib/python3.10/site-packages/omniisaacgymenvs-2023.1.1-py3.10.egg-info/requires.txt
/home/sebasjp/AIST/OmniIsaacGymEnvs/install/omniisaacgymenvs/lib/python3.10/site-packages/omniisaacgymenvs-2023.1.1-py3.10.egg-info/not-zip-safe
/home/sebasjp/AIST/OmniIsaacGymEnvs/install/omniisaacgymenvs/lib/python3.10/site-packages/omniisaacgymenvs-2023.1.1-py3.10.egg-info/top_level.txt
/home/sebasjp/AIST/OmniIsaacGymEnvs/install/omniisaacgymenvs/lib/python3.10/site-packages/omniisaacgymenvs-2023.1.1-py3.10.egg-info/SOURCES.txt
/home/sebasjp/AIST/OmniIsaacGymEnvs/install/omniisaacgymenvs/lib/python3.10/site-packages/omniisaacgymenvs-2023.1.1-py3.10.egg-info/PKG-INFO
